Build started 3/9/2015 11:52:29 AM.
     1>Project "C:\Users\admin\Documents\Visual Studio 2013\Projects\AirForce\AirForce\AirForce.vcxproj" on node 2 (Build target(s)).
     1>ClCompile:
         C:\Program Files (x86)\Microsoft Visual Studio 12.0\VC\bin\CL.exe /c /ZI /nologo /W3 /WX- /sdl /Od /Oy- /D _MBCS /Gm /EHsc /RTC1 /MDd /GS /fp:precise /Zc:wchar_t /Zc:forScope /Fo"Debug\\" /Fd"Debug\vc120.pdb" /Gd /TP /analyze- /errorReport:prompt GUI\Scene.cpp
         Scene.cpp
     1>c:\users\admin\documents\visual studio 2013\projects\airforce\airforce\gui\scene.cpp(32): warning C4018: '<' : signed/unsigned mismatch
       Link:
         C:\Program Files (x86)\Microsoft Visual Studio 12.0\VC\bin\link.exe /ERRORREPORT:PROMPT /OUT:"C:\Users\admin\Documents\Visual Studio 2013\Projects\AirForce\Debug\AirForce.exe" /INCREMENTAL /NOLOGO /LIBPATH:"C:\Users\admin\Documents\Visual Studio 2013\Projects\AirForce\Dependencies\freeglut" /LIBPATH:"C:\Users\admin\Documents\Visual Studio 2013\Projects\AirForce\Dependencies\glew" kernel32.lib user32.lib gdi32.lib winspool.lib comdlg32.lib advapi32.lib shell32.lib ole32.lib oleaut32.lib uuid.lib odbc32.lib odbccp32.lib kernel32.lib user32.lib gdi32.lib winspool.lib comdlg32.lib advapi32.lib shell32.lib ole32.lib oleaut32.lib uuid.lib odbc32.lib odbccp32.lib opengl32.lib freeglut.lib glew32.lib /MANIFEST /MANIFESTUAC:"level='asInvoker' uiAccess='false'" /manifest:embed /DEBUG /PDB:"C:\Users\admin\Documents\Visual Studio 2013\Projects\AirForce\Debug\AirForce.pdb" /TLBID:1 /DYNAMICBASE /NXCOMPAT /IMPLIB:"C:\Users\admin\Documents\Visual Studio 2013\Projects\AirForce\Debug\AirForce.lib" /MACHINE:X86 Debug\AirForce.res
         Debug\Frame.obj
         Debug\BlinkedMark.obj
         Debug\Mark.obj
         Debug\GUI.obj
         Debug\Scene.obj
         Debug\Screen.obj
         Debug\main.obj
         Debug\Shader_Loader.obj
         AirForce.vcxproj -> C:\Users\admin\Documents\Visual Studio 2013\Projects\AirForce\Debug\AirForce.exe
     1>Done Building Project "C:\Users\admin\Documents\Visual Studio 2013\Projects\AirForce\AirForce\AirForce.vcxproj" (Build target(s)).

Build succeeded.

Time Elapsed 00:00:00.77
